<?xml version="1.0" encoding="UTF-8"?>
<testsuite name="subway.domain.SubwayMachineTest" tests="1" skipped="0" failures="0" errors="0" timestamp="2022-12-15T03:38:41" hostname="MacBook-Air.local" time="0.022">
  <properties/>
  <testcase name="calculate()" classname="subway.domain.SubwayMachineTest" time="0.022"/>
  <system-out><![CDATA[교대역
강남역
양재역
]]></system-out>
  <system-err><![CDATA[]]></system-err>
</testsuite>
