<?xml version="1.0" encoding="UTF-8"?>
<testsuite name="subway.JGraphtTest" tests="1" skipped="0" failures="0" errors="0" timestamp="2022-12-15T02:51:39" hostname="MacBook-Air.local" time="0.046">
  <properties/>
  <testcase name="getDijkstraShortestPath()" classname="subway.JGraphtTest" time="0.046"/>
  <system-out><![CDATA[]]></system-out>
  <system-err><![CDATA[]]></system-err>
</testsuite>
