<?xml version="1.0" encoding="UTF-8"?>
<testsuite name="subway.domain.SubwayMachineTest" tests="1" skipped="0" failures="0" errors="0" timestamp="2022-12-14T10:23:07" hostname="MacBook-Air.local" time="0.021">
  <properties/>
  <testcase name="checkLineInformationOfLines()" classname="subway.domain.SubwayMachineTest" time="0.021"/>
  <system-out><![CDATA[2호선
교대역~강남역/3:TIME
강남역~역삼역/3:TIME
교대역~강남역/2:TIME
강남역~역삼역/2:TIME
-------------------
3호선
교대역~남부터미널역/2:TIME
남부터미널역~양재역/5:TIME
양재역~매봉역/1:TIME
교대역~남부터미널역/3:TIME
남부터미널역~양재역/6:TIME
양재역~매봉역/1:TIME
-------------------
신분당선
강남역~양재역/8:DISTANCE
양재역~양재시민의숲역/3:DISTANCE
강남역~양재역/2:DISTANCE
양재역~양재시민의숲역/10:DISTANCE
-------------------
]]></system-out>
  <system-err><![CDATA[]]></system-err>
</testsuite>
